{"/Users/dbelias/Documents/cyprus-code/diy-kata/src/index.js": {"path":"/Users/dbelias/Documents/cyprus-code/diy-kata/src/index.js","statementMap":{"0":{"start":{"line":1,"column":17},"end":{"line":1,"column":44}},"1":{"start":{"line":2,"column":22},"end":{"line":2,"column":54}},"2":{"start":{"line":3,"column":31},"end":{"line":3,"column":72}},"3":{"start":{"line":4,"column":25},"end":{"line":4,"column":60}},"4":{"start":{"line":5,"column":25},"end":{"line":5,"column":60}},"5":{"start":{"line":6,"column":18},"end":{"line":6,"column":46}},"6":{"start":{"line":7,"column":24},"end":{"line":7,"column":58}},"7":{"start":{"line":9,"column":0},"end":{"line":17,"column":2}}},"fnMap":{},"branchMap":{},"s":{"0":7,"1":7,"2":7,"3":7,"4":7,"5":7,"6":7,"7":7},"f":{},"b":{},"_coverageSchema":"1a1c01bbd47fc00a2c39e90264f33305004495a9","hash":"74fee568032da1059a5ec3fa9478806bd9c06579"}
,"/Users/dbelias/Documents/cyprus-code/diy-kata/src/kata1.fizzBuzz.js": {"path":"/Users/dbelias/Documents/cyprus-code/diy-kata/src/kata1.fizzBuzz.js","statementMap":{"0":{"start":{"line":1,"column":17},"end":{"line":12,"column":1}},"1":{"start":{"line":2,"column":4},"end":{"line":11,"column":23}},"2":{"start":{"line":3,"column":6},"end":{"line":3,"column":24}},"3":{"start":{"line":5,"column":9},"end":{"line":11,"column":23}},"4":{"start":{"line":6,"column":8},"end":{"line":6,"column":22}},"5":{"start":{"line":8,"column":9},"end":{"line":11,"column":23}},"6":{"start":{"line":9,"column":8},"end":{"line":9,"column":22}},"7":{"start":{"line":11,"column":9},"end":{"line":11,"column":23}},"8":{"start":{"line":14,"column":0},"end":{"line":14,"column":26}}},"fnMap":{"0":{"name":"(anonymous_0)","decl":{"start":{"line":1,"column":17},"end":{"line":1,"column":18}},"loc":{"start":{"line":1,"column":27},"end":{"line":12,"column":1}},"line":1}},"branchMap":{"0":{"loc":{"start":{"line":2,"column":4},"end":{"line":11,"column":23}},"type":"if","locations":[{"start":{"line":2,"column":4},"end":{"line":11,"column":23}},{"start":{"line":5,"column":9},"end":{"line":11,"column":23}}],"line":2},"1":{"loc":{"start":{"line":2,"column":8},"end":{"line":2,"column":44}},"type":"binary-expr","locations":[{"start":{"line":2,"column":8},"end":{"line":2,"column":24}},{"start":{"line":2,"column":28},"end":{"line":2,"column":44}}],"line":2},"2":{"loc":{"start":{"line":5,"column":9},"end":{"line":11,"column":23}},"type":"if","locations":[{"start":{"line":5,"column":9},"end":{"line":11,"column":23}},{"start":{"line":8,"column":9},"end":{"line":11,"column":23}}],"line":5},"3":{"loc":{"start":{"line":8,"column":9},"end":{"line":11,"column":23}},"type":"if","locations":[{"start":{"line":8,"column":9},"end":{"line":11,"column":23}},{"start":{"line":11,"column":9},"end":{"line":11,"column":23}}],"line":8}},"s":{"0":7,"1":7,"2":3,"3":4,"4":1,"5":3,"6":1,"7":2,"8":7},"f":{"0":7},"b":{"0":[3,4],"1":[7,4],"2":[1,3],"3":[1,2]},"_coverageSchema":"1a1c01bbd47fc00a2c39e90264f33305004495a9","hash":"6fe23f570bfefac5a9cb14d1fde33f06bb4a270e"}
,"/Users/dbelias/Documents/cyprus-code/diy-kata/src/kata2.booleanToWord.js": {"path":"/Users/dbelias/Documents/cyprus-code/diy-kata/src/kata2.booleanToWord.js","statementMap":{"0":{"start":{"line":1,"column":22},"end":{"line":8,"column":1}},"1":{"start":{"line":2,"column":4},"end":{"line":7,"column":5}},"2":{"start":{"line":3,"column":8},"end":{"line":3,"column":21}},"3":{"start":{"line":5,"column":9},"end":{"line":7,"column":5}},"4":{"start":{"line":6,"column":8},"end":{"line":6,"column":20}},"5":{"start":{"line":10,"column":0},"end":{"line":10,"column":31}}},"fnMap":{"0":{"name":"(anonymous_0)","decl":{"start":{"line":1,"column":22},"end":{"line":1,"column":23}},"loc":{"start":{"line":1,"column":33},"end":{"line":8,"column":1}},"line":1}},"branchMap":{"0":{"loc":{"start":{"line":2,"column":4},"end":{"line":7,"column":5}},"type":"if","locations":[{"start":{"line":2,"column":4},"end":{"line":7,"column":5}},{"start":{"line":5,"column":9},"end":{"line":7,"column":5}}],"line":2},"1":{"loc":{"start":{"line":5,"column":9},"end":{"line":7,"column":5}},"type":"if","locations":[{"start":{"line":5,"column":9},"end":{"line":7,"column":5}},{"start":{},"end":{}}],"line":5}},"s":{"0":7,"1":2,"2":1,"3":1,"4":1,"5":7},"f":{"0":2},"b":{"0":[1,1],"1":[1,0]},"_coverageSchema":"1a1c01bbd47fc00a2c39e90264f33305004495a9","hash":"1b17920a0cd5425500abef840d108079620bbe07"}
,"/Users/dbelias/Documents/cyprus-code/diy-kata/src/kata3.numberToReversedDigits.js": {"path":"/Users/dbelias/Documents/cyprus-code/diy-kata/src/kata3.numberToReversedDigits.js","statementMap":{"0":{"start":{"line":1,"column":31},"end":{"line":4,"column":1}},"1":{"start":{"line":2,"column":4},"end":{"line":2,"column":57}},"2":{"start":{"line":3,"column":4},"end":{"line":3,"column":15}},"3":{"start":{"line":6,"column":0},"end":{"line":6,"column":40}}},"fnMap":{"0":{"name":"(anonymous_0)","decl":{"start":{"line":1,"column":31},"end":{"line":1,"column":32}},"loc":{"start":{"line":1,"column":41},"end":{"line":4,"column":1}},"line":1}},"branchMap":{},"s":{"0":7,"1":3,"2":3,"3":7},"f":{"0":3},"b":{},"_coverageSchema":"1a1c01bbd47fc00a2c39e90264f33305004495a9","hash":"6851b998a2369b38592d09c869f3b1a726c5e9ef"}
,"/Users/dbelias/Documents/cyprus-code/diy-kata/src/kata4.humanCatDogYears.js": {"path":"/Users/dbelias/Documents/cyprus-code/diy-kata/src/kata4.humanCatDogYears.js","statementMap":{"0":{"start":{"line":1,"column":25},"end":{"line":8,"column":1}},"1":{"start":{"line":2,"column":19},"end":{"line":2,"column":44}},"2":{"start":{"line":3,"column":19},"end":{"line":3,"column":44}},"3":{"start":{"line":5,"column":19},"end":{"line":5,"column":27}},"4":{"start":{"line":6,"column":4},"end":{"line":6,"column":38}},"5":{"start":{"line":7,"column":4},"end":{"line":7,"column":20}},"6":{"start":{"line":10,"column":0},"end":{"line":10,"column":34}}},"fnMap":{"0":{"name":"(anonymous_0)","decl":{"start":{"line":1,"column":25},"end":{"line":1,"column":26}},"loc":{"start":{"line":1,"column":35},"end":{"line":8,"column":1}},"line":1}},"branchMap":{},"s":{"0":7,"1":3,"2":3,"3":3,"4":3,"5":3,"6":7},"f":{"0":3},"b":{},"_coverageSchema":"1a1c01bbd47fc00a2c39e90264f33305004495a9","hash":"318fb6ed07cd495b456fc55db0c2bff7222594d5"}
,"/Users/dbelias/Documents/cyprus-code/diy-kata/src/kata5.reachDestination.js": {"path":"/Users/dbelias/Documents/cyprus-code/diy-kata/src/kata5.reachDestination.js","statementMap":{"0":{"start":{"line":1,"column":25},"end":{"line":23,"column":1}},"1":{"start":{"line":2,"column":17},"end":{"line":2,"column":33}},"2":{"start":{"line":3,"column":15},"end":{"line":3,"column":33}},"3":{"start":{"line":4,"column":19},"end":{"line":4,"column":32}},"4":{"start":{"line":7,"column":4},"end":{"line":21,"column":5}},"5":{"start":{"line":8,"column":8},"end":{"line":8,"column":33}},"6":{"start":{"line":10,"column":9},"end":{"line":21,"column":5}},"7":{"start":{"line":11,"column":8},"end":{"line":11,"column":31}},"8":{"start":{"line":13,"column":9},"end":{"line":21,"column":5}},"9":{"start":{"line":14,"column":8},"end":{"line":14,"column":27}},"10":{"start":{"line":16,"column":9},"end":{"line":21,"column":5}},"11":{"start":{"line":17,"column":8},"end":{"line":17,"column":33}},"12":{"start":{"line":19,"column":9},"end":{"line":21,"column":5}},"13":{"start":{"line":20,"column":8},"end":{"line":20,"column":29}},"14":{"start":{"line":22,"column":4},"end":{"line":22,"column":61}},"15":{"start":{"line":25,"column":0},"end":{"line":25,"column":34}}},"fnMap":{"0":{"name":"(anonymous_0)","decl":{"start":{"line":1,"column":25},"end":{"line":1,"column":26}},"loc":{"start":{"line":1,"column":46},"end":{"line":23,"column":1}},"line":1}},"branchMap":{"0":{"loc":{"start":{"line":7,"column":4},"end":{"line":21,"column":5}},"type":"if","locations":[{"start":{"line":7,"column":4},"end":{"line":21,"column":5}},{"start":{"line":10,"column":9},"end":{"line":21,"column":5}}],"line":7},"1":{"loc":{"start":{"line":7,"column":8},"end":{"line":7,"column":41}},"type":"binary-expr","locations":[{"start":{"line":7,"column":8},"end":{"line":7,"column":22}},{"start":{"line":7,"column":26},"end":{"line":7,"column":41}}],"line":7},"2":{"loc":{"start":{"line":10,"column":9},"end":{"line":21,"column":5}},"type":"if","locations":[{"start":{"line":10,"column":9},"end":{"line":21,"column":5}},{"start":{"line":13,"column":9},"end":{"line":21,"column":5}}],"line":10},"3":{"loc":{"start":{"line":10,"column":13},"end":{"line":10,"column":47}},"type":"binary-expr","locations":[{"start":{"line":10,"column":13},"end":{"line":10,"column":27}},{"start":{"line":10,"column":31},"end":{"line":10,"column":47}}],"line":10},"4":{"loc":{"start":{"line":13,"column":9},"end":{"line":21,"column":5}},"type":"if","locations":[{"start":{"line":13,"column":9},"end":{"line":21,"column":5}},{"start":{"line":16,"column":9},"end":{"line":21,"column":5}}],"line":13},"5":{"loc":{"start":{"line":13,"column":13},"end":{"line":13,"column":46}},"type":"binary-expr","locations":[{"start":{"line":13,"column":13},"end":{"line":13,"column":27}},{"start":{"line":13,"column":31},"end":{"line":13,"column":46}}],"line":13},"6":{"loc":{"start":{"line":16,"column":9},"end":{"line":21,"column":5}},"type":"if","locations":[{"start":{"line":16,"column":9},"end":{"line":21,"column":5}},{"start":{"line":19,"column":9},"end":{"line":21,"column":5}}],"line":16},"7":{"loc":{"start":{"line":16,"column":13},"end":{"line":16,"column":47}},"type":"binary-expr","locations":[{"start":{"line":16,"column":13},"end":{"line":16,"column":27}},{"start":{"line":16,"column":31},"end":{"line":16,"column":47}}],"line":16},"8":{"loc":{"start":{"line":19,"column":9},"end":{"line":21,"column":5}},"type":"if","locations":[{"start":{"line":19,"column":9},"end":{"line":21,"column":5}},{"start":{},"end":{}}],"line":19},"9":{"loc":{"start":{"line":19,"column":13},"end":{"line":19,"column":45}},"type":"binary-expr","locations":[{"start":{"line":19,"column":13},"end":{"line":19,"column":28}},{"start":{"line":19,"column":32},"end":{"line":19,"column":45}}],"line":19}},"s":{"0":7,"1":5,"2":5,"3":5,"4":5,"5":1,"6":4,"7":0,"8":4,"9":2,"10":2,"11":2,"12":0,"13":0,"14":5,"15":7},"f":{"0":5},"b":{"0":[1,4],"1":[5,1],"2":[0,4],"3":[4,0],"4":[2,2],"5":[4,4],"6":[2,0],"7":[2,2],"8":[0,0],"9":[0,0]},"_coverageSchema":"1a1c01bbd47fc00a2c39e90264f33305004495a9","hash":"0eab40789425f01fbf466b2559201f727a0cce7b"}
,"/Users/dbelias/Documents/cyprus-code/diy-kata/src/kata6.joinNames.js": {"path":"/Users/dbelias/Documents/cyprus-code/diy-kata/src/kata6.joinNames.js","statementMap":{"0":{"start":{"line":1,"column":18},"end":{"line":12,"column":1}},"1":{"start":{"line":3,"column":22},"end":{"line":3,"column":52}},"2":{"start":{"line":3,"column":47},"end":{"line":3,"column":51}},"3":{"start":{"line":4,"column":26},"end":{"line":4,"column":37}},"4":{"start":{"line":5,"column":8},"end":{"line":7,"column":20}},"5":{"start":{"line":10,"column":4},"end":{"line":10,"column":69}},"6":{"start":{"line":14,"column":0},"end":{"line":14,"column":27}}},"fnMap":{"0":{"name":"(anonymous_0)","decl":{"start":{"line":1,"column":18},"end":{"line":1,"column":19}},"loc":{"start":{"line":1,"column":30},"end":{"line":12,"column":1}},"line":1},"1":{"name":"list","decl":{"start":{"line":2,"column":13},"end":{"line":2,"column":17}},"loc":{"start":{"line":2,"column":25},"end":{"line":8,"column":5}},"line":2},"2":{"name":"(anonymous_2)","decl":{"start":{"line":3,"column":33},"end":{"line":3,"column":34}},"loc":{"start":{"line":3,"column":47},"end":{"line":3,"column":51}},"line":3}},"branchMap":{"0":{"loc":{"start":{"line":5,"column":15},"end":{"line":7,"column":19}},"type":"cond-expr","locations":[{"start":{"line":6,"column":10},"end":{"line":6,"column":46}},{"start":{"line":7,"column":10},"end":{"line":7,"column":19}}],"line":5}},"s":{"0":7,"1":1,"2":3,"3":1,"4":1,"5":1,"6":7},"f":{"0":1,"1":1,"2":3},"b":{"0":[1,0]},"_coverageSchema":"1a1c01bbd47fc00a2c39e90264f33305004495a9","hash":"6ffa6d5750aeca7018db9851db6bd6d9f5299324"}
,"/Users/dbelias/Documents/cyprus-code/diy-kata/src/kata7.getEmployerRole.js": {"path":"/Users/dbelias/Documents/cyprus-code/diy-kata/src/kata7.getEmployerRole.js","statementMap":{"0":{"start":{"line":1,"column":24},"end":{"line":4,"column":1}},"1":{"start":{"line":2,"column":19},"end":{"line":2,"column":75}},"2":{"start":{"line":2,"column":45},"end":{"line":2,"column":74}},"3":{"start":{"line":3,"column":4},"end":{"line":3,"column":25}},"4":{"start":{"line":6,"column":0},"end":{"line":6,"column":33}}},"fnMap":{"0":{"name":"(anonymous_0)","decl":{"start":{"line":1,"column":24},"end":{"line":1,"column":25}},"loc":{"start":{"line":1,"column":53},"end":{"line":4,"column":1}},"line":1},"1":{"name":"(anonymous_1)","decl":{"start":{"line":2,"column":34},"end":{"line":2,"column":35}},"loc":{"start":{"line":2,"column":45},"end":{"line":2,"column":74}},"line":2}},"branchMap":{},"s":{"0":7,"1":2,"2":4,"3":2,"4":7},"f":{"0":2,"1":4},"b":{},"_coverageSchema":"1a1c01bbd47fc00a2c39e90264f33305004495a9","hash":"2f070734683116ac24ba7e1f91e3afa060302c3c"}
}
