TN:
SF:src/index.js
FNF:0
FNH:0
DA:1,7
DA:2,7
DA:3,7
DA:4,7
DA:5,7
DA:6,7
DA:7,7
DA:9,7
LF:8
LH:8
BRF:0
BRH:0
end_of_record
TN:
SF:src/kata1.fizzBuzz.js
FN:1,(anonymous_0)
FNF:1
FNH:1
FNDA:7,(anonymous_0)
DA:1,7
DA:2,7
DA:3,3
DA:5,4
DA:6,1
DA:8,3
DA:9,1
DA:11,2
DA:14,7
LF:9
LH:9
BRDA:2,0,0,3
BRDA:2,0,1,4
BRDA:2,1,0,7
BRDA:2,1,1,4
BRDA:5,2,0,1
BRDA:5,2,1,3
BRDA:8,3,0,1
BRDA:8,3,1,2
BRF:8
BRH:8
end_of_record
TN:
SF:src/kata2.booleanToWord.js
FN:1,(anonymous_0)
FNF:1
FNH:1
FNDA:2,(anonymous_0)
DA:1,7
DA:2,2
DA:3,1
DA:5,1
DA:6,1
DA:10,7
LF:6
LH:6
BRDA:2,0,0,1
BRDA:2,0,1,1
BRDA:5,1,0,1
BRDA:5,1,1,0
BRF:4
BRH:3
end_of_record
TN:
SF:src/kata3.numberToReversedDigits.js
FN:1,(anonymous_0)
FNF:1
FNH:1
FNDA:3,(anonymous_0)
DA:1,7
DA:2,3
DA:3,3
DA:6,7
LF:4
LH:4
BRF:0
BRH:0
end_of_record
TN:
SF:src/kata4.humanCatDogYears.js
FN:1,(anonymous_0)
FNF:1
FNH:1
FNDA:3,(anonymous_0)
DA:1,7
DA:2,3
DA:3,3
DA:5,3
DA:6,3
DA:7,3
DA:10,7
LF:7
LH:7
BRF:0
BRH:0
end_of_record
TN:
SF:src/kata5.reachDestination.js
FN:1,(anonymous_0)
FNF:1
FNH:1
FNDA:5,(anonymous_0)
DA:1,7
DA:2,5
DA:3,5
DA:4,5
DA:7,5
DA:8,1
DA:10,4
DA:11,0
DA:13,4
DA:14,2
DA:16,2
DA:17,2
DA:19,0
DA:20,0
DA:22,5
DA:25,7
LF:16
LH:13
BRDA:7,0,0,1
BRDA:7,0,1,4
BRDA:7,1,0,5
BRDA:7,1,1,1
BRDA:10,2,0,0
BRDA:10,2,1,4
BRDA:10,3,0,4
BRDA:10,3,1,0
BRDA:13,4,0,2
BRDA:13,4,1,2
BRDA:13,5,0,4
BRDA:13,5,1,4
BRDA:16,6,0,2
BRDA:16,6,1,0
BRDA:16,7,0,2
BRDA:16,7,1,2
BRDA:19,8,0,0
BRDA:19,8,1,0
BRDA:19,9,0,0
BRDA:19,9,1,0
BRF:20
BRH:13
end_of_record
TN:
SF:src/kata6.joinNames.js
FN:1,(anonymous_0)
FNF:1
FNH:0
FNDA:0,(anonymous_0)
DA:1,7
DA:3,7
LF:2
LH:2
BRF:0
BRH:0
end_of_record
TN:
SF:src/kata7.getEmployerRole.js
FN:1,(anonymous_0)
FNF:1
FNH:0
FNDA:0,(anonymous_0)
DA:1,7
DA:3,7
LF:2
LH:2
BRF:0
BRH:0
end_of_record
